<?xml version="1.0" encoding="UTF-8"?>
<testng-results ignored="0" total="3" passed="3" failed="0" skipped="0">
  <reporter-output>
  </reporter-output>
  <suite started-at="2022-07-25T17:04:54 IST" name="AutomationSuite" finished-at="2022-07-25T17:05:11 IST" duration-ms="17764">
    <groups>
    </groups>
    <test started-at="2022-07-25T17:04:54 IST" name="RegisterDemoFlow" finished-at="2022-07-25T17:05:11 IST" duration-ms="17764">
      <class name="com.telus.registerdemo.RegisterDemoFlow">
        <test-method is-config="true" signature="launchApplication()[pri:0, instance:com.telus.registerdemo.RegisterDemoFlow@4659191b]" started-at="2022-07-25T17:04:54 IST" name="launchApplication" finished-at="2022-07-25T17:05:02 IST" duration-ms="7884" status="PASS">
          <reporter-output>
          </reporter-output>
        </test-method> <!-- launchApplication -->
        <test-method signature="navigateToRegistrationForm()[pri:1, instance:com.telus.registerdemo.RegisterDemoFlow@4659191b]" started-at="2022-07-25T17:05:02 IST" name="navigateToRegistrationForm" finished-at="2022-07-25T17:05:04 IST" duration-ms="2205" status="PASS">
          <reporter-output>
          </reporter-output>
        </test-method> <!-- navigateToRegistrationForm -->
        <test-method signature="registerForDemo()[pri:2, instance:com.telus.registerdemo.RegisterDemoFlow@4659191b]" started-at="2022-07-25T17:05:04 IST" name="registerForDemo" finished-at="2022-07-25T17:05:11 IST" duration-ms="6937" status="PASS">
          <reporter-output>
          </reporter-output>
        </test-method> <!-- registerForDemo -->
        <test-method signature="validateSuccessfulMsg()[pri:3, instance:com.telus.registerdemo.RegisterDemoFlow@4659191b]" started-at="2022-07-25T17:05:11 IST" name="validateSuccessfulMsg" finished-at="2022-07-25T17:05:11 IST" duration-ms="326" status="PASS">
          <reporter-output>
          </reporter-output>
        </test-method> <!-- validateSuccessfulMsg -->
        <test-method is-config="true" signature="closeApplication()[pri:0, instance:com.telus.registerdemo.RegisterDemoFlow@4659191b]" started-at="2022-07-25T17:05:11 IST" name="closeApplication" finished-at="2022-07-25T17:05:11 IST" duration-ms="238" status="PASS">
          <reporter-output>
          </reporter-output>
        </test-method> <!-- closeApplication -->
      </class> <!-- com.telus.registerdemo.RegisterDemoFlow -->
    </test> <!-- RegisterDemoFlow -->
  </suite> <!-- AutomationSuite -->
</testng-results>
