<?xml version="1.0" encoding="UTF-8"?>
<testng-results ignored="0" total="3" passed="3" failed="0" skipped="0">
  <reporter-output>
  </reporter-output>
  <suite started-at="2022-09-05T00:36:15 IST" name="Default suite" finished-at="2022-09-05T00:36:39 IST" duration-ms="23782">
    <groups>
    </groups>
    <test started-at="2022-09-05T00:36:15 IST" name="Default test" finished-at="2022-09-05T00:36:39 IST" duration-ms="23782">
      <class name="com.telus.registerdemo.RegisterDemoFlow">
        <test-method is-config="true" signature="launchApplication()[pri:0, instance:com.telus.registerdemo.RegisterDemoFlow@4659191b]" started-at="2022-09-05T00:36:15 IST" name="launchApplication" finished-at="2022-09-05T00:36:25 IST" duration-ms="10078" status="PASS">
          <reporter-output>
          </reporter-output>
        </test-method> <!-- launchApplication -->
        <test-method signature="navigateToRegistrationForm()[pri:1, instance:com.telus.registerdemo.RegisterDemoFlow@4659191b]" started-at="2022-09-05T00:36:25 IST" name="navigateToRegistrationForm" finished-at="2022-09-05T00:36:29 IST" duration-ms="4017" status="PASS">
          <reporter-output>
          </reporter-output>
        </test-method> <!-- navigateToRegistrationForm -->
        <test-method signature="registerForDemo()[pri:2, instance:com.telus.registerdemo.RegisterDemoFlow@4659191b]" started-at="2022-09-05T00:36:29 IST" name="registerForDemo" finished-at="2022-09-05T00:36:38 IST" duration-ms="8699" status="PASS">
          <reporter-output>
          </reporter-output>
        </test-method> <!-- registerForDemo -->
        <test-method signature="validateSuccessfulMsg()[pri:3, instance:com.telus.registerdemo.RegisterDemoFlow@4659191b]" started-at="2022-09-05T00:36:38 IST" name="validateSuccessfulMsg" finished-at="2022-09-05T00:36:38 IST" duration-ms="114" status="PASS">
          <reporter-output>
          </reporter-output>
        </test-method> <!-- validateSuccessfulMsg -->
        <test-method is-config="true" signature="closeApplication()[pri:0, instance:com.telus.registerdemo.RegisterDemoFlow@4659191b]" started-at="2022-09-05T00:36:38 IST" name="closeApplication" finished-at="2022-09-05T00:36:39 IST" duration-ms="714" status="PASS">
          <reporter-output>
          </reporter-output>
        </test-method> <!-- closeApplication -->
      </class> <!-- com.telus.registerdemo.RegisterDemoFlow -->
    </test> <!-- Default test -->
  </suite> <!-- Default suite -->
</testng-results>
