<?xml version="1.0" encoding="UTF-8"?>
<!-- Generated by org.testng.reporters.JUnitXMLReporter -->
<testsuite ignored="0" hostname="DESKTOP-QMSQO3B" failures="0" tests="3" name="Default test" time="23.782" errors="0" timestamp="2022-09-05T00:36:39 IST">
  <testcase classname="com.telus.registerdemo.RegisterDemoFlow" name="navigateToRegistrationForm" time="4.017"/>
  <testcase classname="com.telus.registerdemo.RegisterDemoFlow" name="registerForDemo" time="8.699"/>
  <testcase classname="com.telus.registerdemo.RegisterDemoFlow" name="validateSuccessfulMsg" time="0.114"/>
</testsuite> <!-- Default test -->
