<?xml version="1.0" encoding="UTF-8"?>
<!-- Generated by org.testng.reporters.JUnitXMLReporter -->
<testsuite ignored="0" hostname="DESKTOP-QMSQO3B" failures="0" tests="3" name="Default test" time="18.661" errors="0" timestamp="2022-07-25T17:02:54 IST">
  <testcase classname="com.telus.registerdemo.RegisterDemoFlow" name="navigateToRegistrationForm" time="2.253"/>
  <testcase classname="com.telus.registerdemo.RegisterDemoFlow" name="registerForDemo" time="7.272"/>
  <testcase classname="com.telus.registerdemo.RegisterDemoFlow" name="validateSuccessfulMsg" time="0.297"/>
</testsuite> <!-- Default test -->
