<?xml version="1.0" encoding="UTF-8"?>
<!-- Generated by org.testng.reporters.JUnitXMLReporter -->
<testsuite ignored="0" hostname="DESKTOP-QMSQO3B" failures="0" tests="3" name="RegisterDemoFlow" time="17.764" errors="0" timestamp="2022-07-25T17:05:11 IST">
  <testcase classname="com.telus.registerdemo.RegisterDemoFlow" name="navigateToRegistrationForm" time="2.205"/>
  <testcase classname="com.telus.registerdemo.RegisterDemoFlow" name="registerForDemo" time="6.937"/>
  <testcase classname="com.telus.registerdemo.RegisterDemoFlow" name="validateSuccessfulMsg" time="0.326"/>
</testsuite> <!-- RegisterDemoFlow -->
